\BOOKMARK [1][-]{section.1}{\376\377\000I\000n\000t\000r\000o\000d\000u\000c\000t\000i\000o\000n}{}% 1
\BOOKMARK [2][-]{subsection.1.1}{\376\377\000C\000o\000n\000t\000e\000x\000t\000e}{section.1}% 2
\BOOKMARK [2][-]{subsection.1.2}{\376\377\000O\000b\000j\000e\000c\000t\000i\000f\000s\000\040\000d\000u\000\040\000P\000r\000o\000j\000e\000t}{section.1}% 3
\BOOKMARK [2][-]{subsection.1.3}{\376\377\000S\000t\000r\000u\000c\000t\000u\000r\000e\000\040\000d\000u\000\040\000R\000a\000p\000p\000o\000r\000t}{section.1}% 4
\BOOKMARK [1][-]{section.2}{\376\377\000M\000o\000d\000\351\000l\000i\000s\000a\000t\000i\000o\000n\000\040\000M\000a\000t\000h\000\351\000m\000a\000t\000i\000q\000u\000e}{}% 5
\BOOKMARK [2][-]{subsection.2.1}{\376\377\000D\000\351\000f\000i\000n\000i\000t\000i\000o\000n\000\040\000d\000u\000\040\000P\000r\000o\000b\000l\000\350\000m\000e}{section.2}% 6
\BOOKMARK [2][-]{subsection.2.2}{\376\377\000V\000a\000r\000i\000a\000b\000l\000e\000s\000\040\000d\000e\000\040\000D\000\351\000c\000i\000s\000i\000o\000n}{section.2}% 7
\BOOKMARK [3][-]{subsubsection.2.2.1}{\376\377\000V\000a\000r\000i\000a\000b\000l\000e\000\040\000P\000r\000i\000n\000c\000i\000p\000a\000l\000e}{subsection.2.2}% 8
\BOOKMARK [3][-]{subsubsection.2.2.2}{\376\377\000V\000a\000r\000i\000a\000b\000l\000e\000s\000\040\000A\000u\000x\000i\000l\000i\000a\000i\000r\000e\000s\000\040\000p\000o\000u\000r\000\040\000l\000'\000\311\000q\000u\000i\000t\000\351}{subsection.2.2}% 9
\BOOKMARK [2][-]{subsection.2.3}{\376\377\000C\000o\000n\000t\000r\000a\000i\000n\000t\000e\000s}{section.2}% 10
\BOOKMARK [3][-]{subsubsection.2.3.1}{\376\377\000C\000o\000n\000t\000r\000a\000i\000n\000t\000e\000s\000\040\000F\000o\000n\000d\000a\000m\000e\000n\000t\000a\000l\000e\000s\000\040\000d\000u\000\040\000R\000o\000u\000n\000d\000\040\000R\000o\000b\000i\000n}{subsection.2.3}% 11
\BOOKMARK [3][-]{subsubsection.2.3.2}{\376\377\000C\000o\000n\000t\000r\000a\000i\000n\000t\000e\000s\000\040\000d\000'\000\311\000q\000u\000i\000t\000\351}{subsection.2.3}% 12
\BOOKMARK [2][-]{subsection.2.4}{\376\377\000M\000\351\000t\000r\000i\000q\000u\000e\000s\000\040\000d\000'\000\311\000q\000u\000i\000t\000\351}{section.2}% 13
\BOOKMARK [3][-]{subsubsection.2.4.1}{\376\377\000H\000o\000m\000e\000S\000t\000r\000e\000n\000g\000t\000h}{subsection.2.4}% 14
\BOOKMARK [3][-]{subsubsection.2.4.2}{\376\377\000P\000\351\000n\000a\000l\000i\000t\000\351\000\040\000d\000e\000\040\000S\000\351\000q\000u\000e\000n\000c\000e}{subsection.2.4}% 15
\BOOKMARK [3][-]{subsubsection.2.4.3}{\376\377\000S\000t\000d\000D\000e\000v\000A\000d\000v\000a\000n\000t\000a\000g\000e\000\040\000\050\000P\000r\000o\000x\000y\000\040\000:\000\040\000M\000a\000x\000D\000e\000v\000\051}{subsection.2.4}% 16
\BOOKMARK [2][-]{subsection.2.5}{\376\377\000F\000o\000n\000c\000t\000i\000o\000n\000\040\000O\000b\000j\000e\000c\000t\000i\000f}{section.2}% 17
\BOOKMARK [2][-]{subsection.2.6}{\376\377\000F\000o\000n\000c\000t\000i\000o\000n\000\040\000O\000b\000j\000e\000c\000t\000i\000f\000\040\000N\000o\000r\000m\000a\000l\000i\000s\000\351\000e\000\040\000e\000t\000\040\000C\000a\000l\000i\000b\000r\000a\000t\000i\000o\000n\000\040\000d\000e\000s\000\040\000P\000o\000i\000d\000s\000\040\000\050\000,\000\040\000\051}{section.2}% 18
\BOOKMARK [1][-]{section.3}{\376\377\000A\000p\000p\000r\000o\000c\000h\000e\000\040\000p\000a\000r\000\040\000M\000\351\000t\000h\000o\000d\000e\000\040\000E\000x\000a\000c\000t\000e}{}% 19
\BOOKMARK [2][-]{subsection.3.1}{\376\377\000F\000o\000r\000m\000u\000l\000a\000t\000i\000o\000n\000\040\000e\000n\000\040\000P\000r\000o\000g\000r\000a\000m\000m\000a\000t\000i\000o\000n\000\040\000L\000i\000n\000\351\000a\000i\000r\000e\000\040\000e\000n\000\040\000N\000o\000m\000b\000r\000e\000s\000\040\000E\000n\000t\000i\000e\000r\000s\000\040\000\050\000M\000I\000L\000P\000\051}{section.3}% 20
\BOOKMARK [2][-]{subsection.3.2}{\376\377\000R\000\351\000s\000u\000l\000t\000a\000t\000s\000\040\000p\000o\000u\000r\000\040\000P\000e\000t\000i\000t\000e\000s\000\040\000I\000n\000s\000t\000a\000n\000c\000e\000s}{section.3}% 21
\BOOKMARK [1][-]{section.4}{\376\377\000A\000p\000p\000r\000o\000c\000h\000e\000\040\000p\000a\000r\000\040\000M\000\351\000t\000a\000-\000h\000e\000u\000r\000i\000s\000t\000i\000q\000u\000e\000\040\000:\000\040\000R\000e\000c\000u\000i\000t\000\040\000S\000i\000m\000u\000l\000\351\000\040\000\050\000S\000i\000m\000u\000l\000a\000t\000e\000d\000\040\000A\000n\000n\000e\000a\000l\000i\000n\000g\000\051}{}% 22
\BOOKMARK [2][-]{subsection.4.1}{\376\377\000P\000r\000i\000n\000c\000i\000p\000e\000\040\000e\000t\000\040\000I\000m\000p\000l\000\351\000m\000e\000n\000t\000a\000t\000i\000o\000n}{section.4}% 23
\BOOKMARK [2][-]{subsection.4.2}{\376\377\000R\000\351\000g\000l\000a\000g\000e\000\040\000d\000e\000s\000\040\000H\000y\000p\000e\000r\000p\000a\000r\000a\000m\000\350\000t\000r\000e\000s\000\040\000d\000u\000\040\000S\000A\000\040\000\050\000,\000\040\000\051}{section.4}% 24
\BOOKMARK [3][-]{subsubsection.4.2.1}{\376\377\000R\000e\000c\000h\000e\000r\000c\000h\000e\000\040\000p\000a\000r\000\040\000G\000r\000i\000l\000l\000e\000\040\000\050\000G\000r\000i\000d\000\040\000S\000e\000a\000r\000c\000h\000\051}{subsection.4.2}% 25
\BOOKMARK [3][-]{subsubsection.4.2.2}{\376\377\000O\000p\000t\000i\000m\000i\000s\000a\000t\000i\000o\000n\000\040\000a\000v\000e\000c\000\040\000O\000p\000t\000u\000n\000a}{subsection.4.2}% 26
\BOOKMARK [2][-]{subsection.4.3}{\376\377\000S\000h\000o\000w\000c\000a\000s\000e\000\040\000S\000A\000\040\000:\000\040\000I\000n\000s\000t\000a\000n\000c\000e\000\040\000T\000r\000\350\000s\000\040\000G\000r\000a\000n\000d\000e\000\040\000n\000=\0001\0000\0000\0000}{section.4}% 27
\BOOKMARK [1][-]{section.5}{\376\377\000A\000p\000p\000r\000o\000c\000h\000e\000\040\000p\000a\000r\000\040\000M\000\351\000t\000a\000-\000h\000e\000u\000r\000i\000s\000t\000i\000q\000u\000e\000\040\000:\000\040\000R\000e\000c\000h\000e\000r\000c\000h\000e\000\040\000T\000a\000b\000o\000u\000\040\000\050\000T\000a\000b\000u\000\040\000S\000e\000a\000r\000c\000h\000\051}{}% 28
\BOOKMARK [2][-]{subsection.5.1}{\376\377\000P\000r\000i\000n\000c\000i\000p\000e\000\040\000e\000t\000\040\000I\000m\000p\000l\000\351\000m\000e\000n\000t\000a\000t\000i\000o\000n\000\040\000"\000L\000\351\000g\000\350\000r\000e\000"}{section.5}% 29
\BOOKMARK [2][-]{subsection.5.2}{\376\377\000R\000\351\000s\000u\000l\000t\000a\000t\000s\000\040\000d\000e\000s\000\040\000B\000e\000n\000c\000h\000m\000a\000r\000k\000s\000\040\000T\000S}{section.5}% 30
\BOOKMARK [1][-]{section.6}{\376\377\000A\000n\000a\000l\000y\000s\000e\000\040\000C\000o\000m\000p\000a\000r\000a\000t\000i\000v\000e\000\040\000e\000t\000\040\000D\000i\000s\000c\000u\000s\000s\000i\000o\000n}{}% 31
\BOOKMARK [2][-]{subsection.6.1}{\376\377\000C\000o\000m\000p\000a\000r\000a\000i\000s\000o\000n\000\040\000M\000I\000L\000P\000\040\000v\000s\000.\000\040\000H\000e\000u\000r\000i\000s\000t\000i\000q\000u\000e\000s\000\040\000\050\000S\000A\000\040\000e\000t\000\040\000T\000S\000\051}{section.6}% 32
\BOOKMARK [2][-]{subsection.6.2}{\376\377\000C\000o\000m\000p\000a\000r\000a\000i\000s\000o\000n\000\040\000S\000A\000\040\000v\000s\000.\000\040\000T\000S}{section.6}% 33
\BOOKMARK [2][-]{subsection.6.3}{\376\377\000I\000m\000p\000a\000c\000t\000\040\000d\000u\000\040\000R\000\351\000g\000l\000a\000g\000e\000\040\000d\000e\000s\000\040\000H\000y\000p\000e\000r\000p\000a\000r\000a\000m\000\350\000t\000r\000e\000s\000\040\000\050\000,\000\040\000\051\000\040\000p\000o\000u\000r\000\040\000S\000A}{section.6}% 34
\BOOKMARK [2][-]{subsection.6.4}{\376\377\000L\000i\000m\000i\000t\000e\000s\000\040\000e\000t\000\040\000P\000e\000r\000s\000p\000e\000c\000t\000i\000v\000e\000s}{section.6}% 35
\BOOKMARK [1][-]{section.7}{\376\377\000A\000n\000a\000l\000y\000s\000e\000\040\000d\000e\000\040\000C\000o\000m\000p\000l\000e\000x\000i\000t\000\351\000\040\000E\000m\000p\000i\000r\000i\000q\000u\000e}{}% 36
\BOOKMARK [1][-]{section.8}{\376\377\000C\000o\000n\000c\000l\000u\000s\000i\000o\000n}{}% 37
